<?xml version="1.0" encoding="utf-8"?><testsuites name="pytest tests"><testsuite name="pytest" errors="0" failures="0" skipped="0" tests="14" time="1.882" timestamp="2026-08-01T17:20:27.536369+00:00" hostname="agent-env-1400d147-ec2d-49c3-9a05-0fc54a6a38ec"><testcase classname="tests.test_backend_products" name="test_health" time="0.142" /><testcase classname="tests.test_backend_products" name="test_public_products_list" time="0.110" /><testcase classname="tests.test_backend_products" name="test_public_get_single_and_404" time="0.314" /><testcase classname="tests.test_backend_products" name="test_admin_me_unauth" time="0.155" /><testcase classname="tests.test_backend_products" name="test_admin_me_auth" time="0.146" /><testcase classname="tests.test_backend_products" name="test_admin_products_lists_all" time="0.054" /><testcase classname="tests.test_backend_products" name="test_create_duplicate_returns_409" time="0.131" /><testcase classname="tests.test_backend_products" name="test_create_autoslug" time="0.103" /><testcase classname="tests.test_backend_products" name="test_patch_ignores_stock_direct" time="0.046" /><testcase classname="tests.test_backend_products" name="test_stock_delta_and_insufficient" time="0.195" /><testcase classname="tests.test_backend_products" name="test_stock_set_mode" time="0.119" /><testcase classname="tests.test_backend_products" name="test_stock_movements" time="0.063" /><testcase classname="tests.test_backend_products" name="test_admin_stats_includes_products" time="0.046" /><testcase classname="tests.test_backend_products" name="test_delete_cascades" time="0.194" /></testsuite></testsuites>